ctrl_A_FWd_pZED	NZ_DS362247.1	92.633	1276	78	15	80	1348	63228	61962	0.0	minus
ctrl_A_FWd_pZED	NZ_DS362230.1	100.000	35	0	0	47	81	4133	4167	1.08e-10	plus
ctrl_A_Rev_pZED	NZ_DS362247.1	94.013	785	1	45	215	999	60554	61292	0.0	plus
ctrl_B_FWd_pZED	NZ_DS362247.1	96.204	1080	27	14	79	1152	63228	62157	0.0	minus
ctrl_B_FWd_pZED	NZ_DS362230.1	100.000	35	0	0	46	80	4133	4167	1.04e-10	plus
ctrl_B_Rev_pZED	NZ_DS362247.1	91.065	1164	79	24	219	1375	60554	61699	0.0	plus
ctrl_C_FWd_pZED	NZ_DS362247.1	98.053	1027	14	6	82	1105	63228	62205	0.0	minus
ctrl_C_FWd_pZED	NZ_DS362230.1	100.000	35	0	0	49	83	4133	4167	1.01e-10	plus
ctrl_C_Rev_pZED	NZ_DS362247.1	97.966	885	15	3	218	1100	60554	61437	0.0	plus
ctrl_D_FWd_pZED	NZ_DS362242.1	96.185	1232	40	7	54	1284	218812	217587	0.0	minus
ctrl_D_FWd_pZED	NZ_DS362247.1	96.185	1232	40	7	54	1284	218449	217224	0.0	minus
ctrl_D_Rev_pZED	NZ_DS362247.1	97.213	933	18	8	217	1148	215536	216461	0.0	plus
P14_L18_A_Fwd_pZEA	NZ_DS362239.1	94.367	1154	47	18	53	1204	3677	4814	0.0	plus
P14_L18_A_Rev_pZEA	NZ_DS362239.1	90.212	1083	87	19	227	1303	6597	5528	0.0	minus
P14_L18_B_Fwd_pZEA	NZ_DS362239.1	96.863	1052	24	9	54	1105	3679	4721	0.0	plus
P14_L18_B_Rev_pZEA	NZ_DS362239.1	95.573	994	26	18	221	1213	6597	5621	0.0	minus
P14_L18_C_Fwd_pZEA	NZ_DS362239.1	98.683	987	10	3	52	1038	3679	4662	0.0	plus
P14_L18_C_Rev_pZEA	NZ_DS362239.1	99.020	816	8	0	216	1031	6597	5782	0.0	minus
P14_L18_D_Fwd_pZEA	NZ_DS362239.1	96.435	1150	25	13	51	1194	3677	4816	0.0	plus
P14_L18_D_Rev_pZEA	NZ_DS362239.1	94.572	958	38	14	218	1174	6597	5653	0.0	minus
P14_L19_A_Fwd_pZEA	NZ_DS362239.1	93.918	1118	40	28	47	1160	3677	4770	0.0	plus
P14_L19_A_Rev_pZEA	NZ_DS362239.1	98.280	872	11	4	216	1087	6597	5730	0.0	minus
P14_L19_B_Fwd_pZEB	NZ_DS362239.1	95.997	1149	35	11	50	1196	3677	4816	0.0	plus
P14_L19_B_Rev_pZEB	NZ_DS362239.1	98.092	996	10	9	217	1212	6597	5611	0.0	minus
P14_L19_C_Fwd_pZEB	NZ_DS362239.1	98.372	1044	12	5	44	1087	3677	4715	0.0	plus
P14_L19_C_Rev_pZEB	NZ_DS362239.1	97.189	996	18	10	211	1204	6597	5610	0.0	minus
P14_L19_D_Fwd_pZEB	NZ_DS362239.1	96.545	1071	32	5	51	1121	3677	4742	0.0	plus
P14_L19_D_Rev_pZEB	NZ_DS362239.1	95.434	898	31	10	221	1118	6597	5710	0.0	minus
P19_A_Fwd_pZEB	NZ_DS362239.1	94.655	1160	48	14	48	1205	6601	5454	0.0	minus
P19_A_Rev_pZEB	NZ_DS362239.1	96.841	918	24	5	219	1135	3840	4753	0.0	plus
P19_B_Fwd_pZEB	NZ_DS362239.1	97.619	1176	20	8	52	1224	6601	5431	0.0	minus
P19_B_Rev_pZEB	NZ_DS362239.1	96.087	920	25	11	216	1135	3840	4748	0.0	plus
P19_C_Fwd_pZEC	NZ_DS362239.1	93.913	1035	26	37	54	1085	6601	5601	0.0	minus
P19_C_Rev_pZEC	NZ_DS362239.1	90.405	1136	79	27	219	1344	3840	4955	0.0	plus
P19_D_Fwd_pZEC	NZ_DS362239.1	96.791	1153	28	9	42	1191	6601	5455	0.0	minus
P19_D_Rev_pZEC	NZ_DS362239.1	97.157	1020	17	12	219	1238	3840	4847	0.0	plus
P57_A_Fwd_pZEC	NZ_DS362239.1	94.036	1224	54	17	53	1274	6856	5650	0.0	minus
P57_A_Rev_pZEC	NZ_DS362239.1	98.413	819	9	4	227	1043	4430	5246	0.0	plus
P57_B_Fwd_pZEC	NZ_DS362239.1	94.773	1167	53	8	65	1228	5592	4431	0.0	minus
P57_B_Fwd_pZEC	NZ_DS362239.1	76.250	1040	215	25	49	1069	6856	5830	1.36e-148	minus
P57_B_Rev_pZEC	NZ_DS362239.1	92.830	1060	65	11	220	1272	4430	5485	0.0	plus
P57_C_Fwd_pZEC	NZ_DS362239.1	98.266	1038	16	2	53	1089	6856	5820	0.0	minus
P57_C_Rev_pZEC	NZ_DS362239.1	99.180	854	5	2	220	1073	4430	5281	0.0	plus
P57_D_FWd_pZED	NZ_DS362239.1	92.020	990	52	26	53	1041	6856	5893	0.0	minus
P57_D_Rev_pZED	NZ_DS362239.1	98.367	796	12	1	219	1014	4430	5224	0.0	plus
